INFO: [VRFC 10-2263] Analyzing SystemVerilog file "/home/nsh1/cx204/lab6/lab6/lab6.srcs/sources_1/new/alu.sv" into library xil_defaultlib
INFO: [VRFC 10-311] analyzing module alu
INFO: [VRFC 10-2263] Analyzing SystemVerilog file "/home/nsh1/cx204/lab6/lab6/lab6.srcs/sources_1/new/alu_control.sv" into library xil_defaultlib
INFO: [VRFC 10-311] analyzing module alu_control
INFO: [VRFC 10-2263] Analyzing SystemVerilog file "/home/nsh1/cx204/lab6/lab6/lab6.srcs/sources_1/new/control_unit.sv" into library xil_defaultlib
INFO: [VRFC 10-311] analyzing module control_unit
INFO: [VRFC 10-2263] Analyzing SystemVerilog file "/home/nsh1/cx204/lab6/lab6/lab6.srcs/sources_1/new/data_mem.sv" into library xil_defaultlib
INFO: [VRFC 10-311] analyzing module data_mem
INFO: [VRFC 10-2263] Analyzing SystemVerilog file "/home/nsh1/cx204/lab6/lab6/lab6.srcs/sources_1/new/data_path.sv" into library xil_defaultlib
INFO: [VRFC 10-311] analyzing module data_path
INFO: [VRFC 10-2263] Analyzing SystemVerilog file "/home/nsh1/cx204/lab6/lab6/lab6.srcs/sources_1/new/imm_gen.sv" into library xil_defaultlib
INFO: [VRFC 10-311] analyzing module imm_gen
INFO: [VRFC 10-2263] Analyzing SystemVerilog file "/home/nsh1/cx204/lab6/lab6/lab6.srcs/sources_1/new/inst_mem.sv" into library xil_defaultlib
INFO: [VRFC 10-311] analyzing module inst_mem
INFO: [VRFC 10-2263] Analyzing SystemVerilog file "/home/nsh1/cx204/lab6/lab6/lab6.srcs/sources_1/new/main_control.sv" into library xil_defaultlib
INFO: [VRFC 10-311] analyzing module main_control
INFO: [VRFC 10-2263] Analyzing SystemVerilog file "/home/nsh1/cx204/lab6/lab6/lab6.srcs/sources_1/new/muxNsel.sv" into library xil_defaultlib
INFO: [VRFC 10-311] analyzing module mux1sel
INFO: [VRFC 10-2263] Analyzing SystemVerilog file "/home/nsh1/cx204/lab6/lab6/lab6.srcs/sources_1/new/program_counter.sv" into library xil_defaultlib
INFO: [VRFC 10-311] analyzing module program_counter
INFO: [VRFC 10-2263] Analyzing SystemVerilog file "/home/nsh1/cx204/lab6/lab6/lab6.srcs/sources_1/new/reg_file.sv" into library xil_defaultlib
INFO: [VRFC 10-311] analyzing module reg_file
INFO: [VRFC 10-2263] Analyzing SystemVerilog file "/home/nsh1/cx204/lab6/lab6/lab6.srcs/sources_1/new/rv32i_top.sv" into library xil_defaultlib
INFO: [VRFC 10-311] analyzing module rv32i_top
INFO: [VRFC 10-2263] Analyzing SystemVerilog file "/home/nsh1/cx204/lab6/lab6/lab6.srcs/sim_1/new/top_tb.sv" into library xil_defaultlib
INFO: [VRFC 10-311] analyzing module top_tb
