#
# An unexpected error has occurred (11)
#
Stack:
/home/nsh1/Xilinx/Vivado/Vivado/2019.1/tps/lnx64/jre9.0.4/lib//server/libjvm.so(+0xb6aadb) [0x71060cd6aadb]
/home/nsh1/Xilinx/Vivado/Vivado/2019.1/tps/lnx64/jre9.0.4/lib//server/libjvm.so(JVM_handle_linux_signal+0xbb) [0x71060cd6fe1b]
/home/nsh1/Xilinx/Vivado/Vivado/2019.1/tps/lnx64/jre9.0.4/lib//server/libjvm.so(+0xb647b8) [0x71060cd647b8]
/lib/x86_64-linux-gnu/libc.so.6(+0x45320) [0x710668845320]
/home/nsh1/Xilinx/Vivado/Vivado/2019.1/lib/lnx64.o/librdi_simbridge_kernel.so(SimBridge::CArray::empty() const+0) [0x710614e567b0]
/home/nsh1/Xilinx/Vivado/Vivado/2019.1/lib/lnx64.o/librdi_simbridge_kernel.so(SimBridge::WdbEventBlock::addBlock(SimBridge::WdbIBlockManager&, unsigned int&) const+0x1e) [0x710614e56e8e]
/home/nsh1/Xilinx/Vivado/Vivado/2019.1/lib/lnx64.o/librdi_simbridge_kernel.so(SimBridge::WdbMultipleBucketEventDatabase::getEventBlockDatabaseIterator(std::vector<SimBridge::WdbScalarBTree*, std::allocator<SimBridge::WdbScalarBTree*> > const&, std::vector<boost::shared_ptr<SimBridge::WdbIEventBlockIterator>, std::allocator<boost::shared_ptr<SimBridge::WdbIEventBlockIterator> > >&, std::vector<std::vector<SimBridge::WdbScalarBTree*, std::allocator<SimBridge::WdbScalarBTree*> >, std::allocator<std::vector<SimBridge::WdbScalarBTree*, std::allocator<SimBridge::WdbScalarBTree*> > > >&) const+0x691) [0x710614e70391]
/home/nsh1/Xilinx/Vivado/Vivado/2019.1/lib/lnx64.o/librdi_simbridge_kernel.so(SimBridge::WdbAddressBTreeManager::scanWdbDatabaseMultiThread(std::vector<SimBridge::WdbScalarBTree*, std::allocator<SimBridge::WdbScalarBTree*> > const&, ISIM::IGuiStatus*)+0xc4) [0x710614e4de14]
/home/nsh1/Xilinx/Vivado/Vivado/2019.1/lib/lnx64.o/librdi_wavedata.so(SimBridge::DataObjMgr::createDrawingBTree(std::vector<SimBridge::IDataObj const*, std::allocator<SimBridge::IDataObj const*> > const&, ISIM::IGuiStatus*, bool)+0x32a) [0x71062181f23a]
/home/nsh1/Xilinx/Vivado/Vivado/2019.1/lib/lnx64.o/librdi_wavedata.so(SimBridge::DataReader::getTransitions(SimBridge::IDataObj const*, long long, long long, long long, SimBridge::ValueFormat const&, std::vector<SimBridge::Transition, std::allocator<SimBridge::Transition> >&) const+0xa4) [0x71062182adf4]
/home/nsh1/Xilinx/Vivado/Vivado/2019.1/lib/lnx64.o/librdi_wavedata.so(SG_Model::ModelImp::getTransitions(SimBridge::IDataObj const*, SG_Model::IDatabase*, long long, long long, long long, SimBridge::ValueFormat const&, bool, std::vector<SimBridge::Transition, std::allocator<SimBridge::Transition> >&) const+0xbd) [0x7106218d0acd]
/home/nsh1/Xilinx/Vivado/Vivado/2019.1/lib/lnx64.o/librdi_wavedata.so(SG_Model::Model::getTransitions(SG_Model::WVDataObject const*, long long, long long, long long, SimBridge::ValueFormat const&, bool, std::vector<SimBridge::Transition, std::allocator<SimBridge::Transition> >&) const+0x102) [0x7106218d0e52]
/home/nsh1/Xilinx/Vivado/Vivado/2019.1/lib/lnx64.o/librdi_wavedata.so(+0x302886) [0x710621902886]
/home/nsh1/Xilinx/Vivado/Vivado/2019.1/lib/lnx64.o/librdi_wavedata.so(SG_Model::WaveformRender::render(SG_Model::WVDataObject const&)+0x261) [0x7106218fec01]
/home/nsh1/Xilinx/Vivado/Vivado/2019.1/lib/lnx64.o/librdi_wavedata.so(WaveViewer::WVWaveformPanel::WaveformTraverser::drawWaveform(SG_Model::WVDataObject const*, int, int)+0x2eb) [0x71062197ab3b]
/home/nsh1/Xilinx/Vivado/Vivado/2019.1/lib/lnx64.o/librdi_wavedata.so(WaveViewer::WVWaveformPanel::WaveformTraverser::handleItemSize(WaveViewer::WVNameValueTreeModel::ITraverseHandler::ItemSize const&)+0x4a) [0x71062197ae1a]
/home/nsh1/Xilinx/Vivado/Vivado/2019.1/lib/lnx64.o/librdi_wavedata.so(WaveViewer::WVNameValueTreeModel::traverseYRange(SG_Model::WVDataObject const*, WaveViewer::WVNameValueTreeModel::ITraverseHandler&, int, int, int&, int&) const+0x268) [0x71062194cce8]
/home/nsh1/Xilinx/Vivado/Vivado/2019.1/lib/lnx64.o/librdi_wavedata.so(WaveViewer::WVNameValueTreeModel::traverseYRange(SG_Model::WVDataObject const*, WaveViewer::WVNameValueTreeModel::ITraverseHandler&, int, int, int&, int&) const+0x336) [0x71062194cdb6]
/home/nsh1/Xilinx/Vivado/Vivado/2019.1/lib/lnx64.o/librdi_wavedata.so(WaveViewer::WVNameValueTreeModel::traverseYRange(WaveViewer::WVNameValueTreeModel::ITraverseHandler&, int, int) const+0x57) [0x71062194ddc7]
/home/nsh1/Xilinx/Vivado/Vivado/2019.1/lib/lnx64.o/librdi_wavedata.so(WaveViewer::WVWaveformPanel::getGraphics(HDGDStringStream&, long&)+0x3c5) [0x71062197a035]
/home/nsh1/Xilinx/Vivado/Vivado/2019.1/lib/lnx64.o/librdi_wavedata.so(WVExecutiveImp::getGraphicsDataSize()+0x10a) [0x71062193e26a]
/home/nsh1/Xilinx/Vivado/Vivado/2019.1/lib/lnx64.o/librdi_wavedata.so(WVExecutive::getGraphicsDataSize()+0xf) [0x71062193e78f]
/home/nsh1/Xilinx/Vivado/Vivado/2019.1/lib/lnx64.o/librdi_wavedata.so(Java_ui_views_waveform_waveformi_WVExecutive_1getGraphicsDataSize+0x17) [0x710621985b37]
[0x7105f4218db5]
